c:\users\kamax\onedrive\escritorio\roger\master\c++\exercises\exercise1mvj\project1\project1\debug\vc141.pdb
c:\users\kamax\onedrive\escritorio\roger\master\c++\exercises\exercise1mvj\project1\project1\debug\vc141.idb
c:\users\kamax\onedrive\escritorio\roger\master\c++\exercises\exercise1mvj\project1\project1\debug\string.obj
c:\users\kamax\onedrive\escritorio\roger\master\c++\exercises\exercise1mvj\project1\project1\debug\main.obj
c:\users\kamax\onedrive\escritorio\roger\master\c++\exercises\exercise1mvj\project1\project1\debug\vector3.obj
c:\users\kamax\onedrive\escritorio\roger\master\c++\exercises\exercise1mvj\project1\project1\debug\string.nativecodeanalysis.xml
c:\users\kamax\onedrive\escritorio\roger\master\c++\exercises\exercise1mvj\project1\project1\debug\vector3.nativecodeanalysis.xml
c:\users\kamax\onedrive\escritorio\roger\master\c++\exercises\exercise1mvj\project1\debug\project1.pdb
c:\users\kamax\onedrive\escritorio\roger\master\c++\exercises\exercise1mvj\project1\project1\debug\project1.tlog\cl.command.1.tlog
c:\users\kamax\onedrive\escritorio\roger\master\c++\exercises\exercise1mvj\project1\project1\debug\project1.tlog\cl.read.1.tlog
c:\users\kamax\onedrive\escritorio\roger\master\c++\exercises\exercise1mvj\project1\project1\debug\project1.tlog\cl.write.1.tlog
c:\users\kamax\onedrive\escritorio\roger\master\c++\exercises\exercise1mvj\project1\project1\debug\project1.tlog\link-cvtres.read.1.tlog
c:\users\kamax\onedrive\escritorio\roger\master\c++\exercises\exercise1mvj\project1\project1\debug\project1.tlog\link-cvtres.write.1.tlog
c:\users\kamax\onedrive\escritorio\roger\master\c++\exercises\exercise1mvj\project1\project1\debug\project1.tlog\link-rc.read.1.tlog
c:\users\kamax\onedrive\escritorio\roger\master\c++\exercises\exercise1mvj\project1\project1\debug\project1.tlog\link-rc.write.1.tlog
c:\users\kamax\onedrive\escritorio\roger\master\c++\exercises\exercise1mvj\project1\project1\debug\project1.tlog\link.15480-cvtres.read.1.tlog
c:\users\kamax\onedrive\escritorio\roger\master\c++\exercises\exercise1mvj\project1\project1\debug\project1.tlog\link.15480-cvtres.write.1.tlog
c:\users\kamax\onedrive\escritorio\roger\master\c++\exercises\exercise1mvj\project1\project1\debug\project1.tlog\link.15480-rc.read.1.tlog
c:\users\kamax\onedrive\escritorio\roger\master\c++\exercises\exercise1mvj\project1\project1\debug\project1.tlog\link.15480-rc.write.1.tlog
c:\users\kamax\onedrive\escritorio\roger\master\c++\exercises\exercise1mvj\project1\project1\debug\project1.tlog\link.15480.read.1.tlog
c:\users\kamax\onedrive\escritorio\roger\master\c++\exercises\exercise1mvj\project1\project1\debug\project1.tlog\link.15480.write.1.tlog
c:\users\kamax\onedrive\escritorio\roger\master\c++\exercises\exercise1mvj\project1\project1\debug\project1.tlog\link.command.1.tlog
c:\users\kamax\onedrive\escritorio\roger\master\c++\exercises\exercise1mvj\project1\project1\debug\project1.tlog\link.read.1.tlog
c:\users\kamax\onedrive\escritorio\roger\master\c++\exercises\exercise1mvj\project1\project1\debug\project1.tlog\link.write.1.tlog
